
                  oo
                 oooo
                oooooo
               oooooooo
              oooooooooo
             oooooooooooo
           ooooooo  ooooooo
          oooooo     ooooooo
         oooooo       ooooooo
        oooooo   o  o   oooooo
       oooooo   oo  oo   oooooo
     ooooooo  oooo  oooo  ooooooo
    oooooo   ooooo  ooooo  ooooooo
   oooooo   oooooo  oooooo  ooooooo
  oooooooo      oo  oo      oooooooo
  ooooooooooooo oo  oo ooooooooooooo
      oooooooooooo  oooooooooooo
          oooooooo  oooooooo
              oooo  oooo

     ________ ____  _  _____ _   _
    |__  /_ _|  _ \| |/ /_ _| \ | |
      / / | || |_) | ' / | ||  \| |
     / /_ | ||  __/| . \ | || |\  |
    |____|___|_|   |_|\_\___|_| \_|

:: version 2.21.1 :: commit c30ffc5 ::

2020-05-19 16:52:39.034  INFO 3673 --- [           main] z.s.ZipkinServer                         : Starting ZipkinServer on ip-172-31-4-8 with PID 3673 (/home/ubuntu/projetos/109-exercicio-emissao-nfe/ms-zipkin/zipkin.jar started by ubuntu in /home/ubuntu/projetos/109-exercicio-emissao-nfe/ms-zipkin)
2020-05-19 16:52:39.038  INFO 3673 --- [           main] z.s.ZipkinServer                         : The following profiles are active: shared
2020-05-19 16:52:41.277  INFO 3673 --- [           main] c.l.a.c.u.SystemInfo                     : Hostname: ip-172-31-4-8 (from /proc/sys/kernel/hostname)
2020-05-19 16:52:42.227  INFO 3673 --- [oss-http-*:9411] c.l.a.s.Server                           : Serving HTTP at /0:0:0:0:0:0:0:0%0:9411 - http://127.0.0.1:9411/
2020-05-19 16:52:42.234  INFO 3673 --- [           main] c.l.a.s.ArmeriaAutoConfiguration         : Armeria server started at ports: {/0:0:0:0:0:0:0:0%0:9411=ServerPort(/0:0:0:0:0:0:0:0%0:9411, [http])}
2020-05-19 16:52:42.286  INFO 3673 --- [           main] z.s.ZipkinServer                         : Started ZipkinServer in 5.106 seconds (JVM running for 6.862)
